MAS Run: Mon Feb 13 13:47:05 2017

Configuration Warning: Recruitment model "Von Bertalannfy" does not define "l_inf". Model will use the default value of 0 and "l_inf" will not be estimated.
Configuration Warning: Recruitment model "Von Bertalannfy" does not define "l_inf". Model will use the default value of 0 and "l_inf" will not be estimated.


Estimated Parameters						Initial Value						Phase

Recruitment:
sigma_r_0						0.5						1
rho_0						0						1
beverton_holt_alt_R0_1						1e+07						1
beverton_holt_alt_S0_1						38000						1
beverton_holt_alt_phi0_1						0						1
beverton_holt_alt_h_1						0.7						1
beverton_holt_alt_sigma_r_1						0.5						1

Growth:
von_bertalanffy_c_2						0.5						1
von_bertalanffy_amin_1						1						1
von_bertalanffy_amax_1						7						1
von_bertalanffy_lmin_1						20						1
von_bertalanffy_lmax_1						70						1
von_bertalanffy_c_1						0.5						1

Selectivity:
logistic_selectivity_a50_4						2.75						1
logistic_selectivity_s_4						0.5						1
logistic_selectivity_a50_3						3						1
logistic_selectivity_s_3						0.25						1
logistic_selectivity_a50_2						3						1
logistic_selectivity_s_2						0.5						1
logistic_selectivity_a50_1						3						1
logistic_selectivity_s_1						0.3						1

Movement:

Natural Mortality:
